<?xml version="1.0" encoding="UTF-8"?>
<testsuite name="com.techbyfloig.cubannotary.notary.datasource.mock.MockBankDataSourceTest" tests="1" skipped="0" failures="0" errors="0" timestamp="2023-04-26T03:39:03" hostname="Kennys-MBP.lan" time="0.13">
  <properties/>
  <testcase name="should provide a collection of banks()" classname="com.techbyfloig.cubannotary.notary.datasource.mock.MockBankDataSourceTest" time="0.13"/>
  <system-out><![CDATA[]]></system-out>
  <system-err><![CDATA[]]></system-err>
</testsuite>
